<?xml version="1.0" encoding="UTF-8" ?>
<testsuite tests="2" failures="0" name="com.grocerycrud.prova_sicredi.testsuite.TestSuite" time="11.219" errors="0" skipped="0">
  <properties>
[...]
</properties>
  <testcase classname="com.grocerycrud.prova_sicredi.testcase.Challengies" name="testCaseAddCustomer[0: Teste Sicredi, Teste, Giovani Hoff, 51 9999-9999, Av Assis Brasil, 3970, Torre D, Porto Alegre, RS, 91000-000, Brasil, Fixter, 200, Your data has been successfully stored into the database.]" time="5.755"/>
  <testcase classname="com.grocerycrud.prova_sicredi.testcase.Challengies" name="testCaseDeleteCustomer[0: Teste Sicredi, Are you sure that you want to delete this 1 item?, Your data has been successfully deleted from the database.]" time="5.464"/>
</testsuite>